<?xml version="1.0" encoding="UTF-8"?>
<!-- Generated by org.testng.reporters.JUnitXMLReporter -->
<testsuite hostname="Abhishek_Desktop" ignored="0" name="Default test" tests="3" failures="3" timestamp="28 Dec 2019 12:30:15 GMT" time="9.018" errors="0">
  <testcase name="valid" time="3.971" classname="com.orangehrmlive.NewTest1">
    <failure type="org.openqa.selenium.SessionNotCreatedException" message="session not created: This version of ChromeDriver only supports Chrome version 76
Build info: version: &amp;apos;3.141.59&amp;apos;, revision: &amp;apos;e82be7d358&amp;apos;, time: &amp;apos;2018-11-14T08:25:48&amp;apos;
System info: host: &amp;apos;ABHISHEK_DESKTO&amp;apos;, ip: &amp;apos;192.168.43.203&amp;apos;, os.name: &amp;apos;Windows 10&amp;apos;, os.arch: &amp;apos;amd64&amp;apos;, os.version: &amp;apos;10.0&amp;apos;, java.version: &amp;apos;1.8.0_121&amp;apos;
Driver info: driver.version: ChromeDriver
remote stacktrace: Backtrace:
	Ordinal0 [0x009B7C53+1473619]
	Ordinal0 [0x0093AD71+961905]
	Ordinal0 [0x008C42B3+475827]
	Ordinal0 [0x0085F365+62309]
	Ordinal0 [0x0085BC77+48247]
	Ordinal0 [0x00879149+168265]
	Ordinal0 [0x00878D1D+167197]
	Ordinal0 [0x0087742B+160811]
	Ordinal0 [0x00860AE6+68326]
	Ordinal0 [0x00861BF0+72688]
	Ordinal0 [0x00861B89+72585]
	Ordinal0 [0x00954B37+1067831]
	GetHandleVerifier [0x00A56845+506677]
	GetHandleVerifier [0x00A565E0+506064]
	GetHandleVerifier [0x00A5D188+533624]
	GetHandleVerifier [0x00A5701A+508682]
	Ordinal0 [0x0094C226+1032742]
	Ordinal0 [0x0094C09F+1032351]
	Ordinal0 [0x00956A4B+1075787]
	Ordinal0 [0x00956BB3+1076147]
	Ordinal0 [0x00955B65+1071973]
	BaseThreadInitThunk [0x76D76359+25]
	RtlGetAppContainerNamedObjectPath [0x77197B74+228]
	RtlGetAppContainerNamedObjectPath [0x77197B44+180]
">
      <![CDATA[org.openqa.selenium.SessionNotCreatedException: session not created: This version of ChromeDriver only supports Chrome version 76
Build info: version: '3.141.59', revision: 'e82be7d358', time: '2018-11-14T08:25:48'
System info: host: 'ABHISHEK_DESKTO', ip: '192.168.43.203', os.name: 'Windows 10', os.arch: 'amd64', os.version: '10.0', java.version: '1.8.0_121'
Driver info: driver.version: ChromeDriver
remote stacktrace: Backtrace:
Ordinal0 [0x009B7C53+1473619]
Ordinal0 [0x0093AD71+961905]
Ordinal0 [0x008C42B3+475827]
Ordinal0 [0x0085F365+62309]
Ordinal0 [0x0085BC77+48247]
Ordinal0 [0x00879149+168265]
Ordinal0 [0x00878D1D+167197]
Ordinal0 [0x0087742B+160811]
Ordinal0 [0x00860AE6+68326]
Ordinal0 [0x00861BF0+72688]
Ordinal0 [0x00861B89+72585]
Ordinal0 [0x00954B37+1067831]
GetHandleVerifier [0x00A56845+506677]
GetHandleVerifier [0x00A565E0+506064]
GetHandleVerifier [0x00A5D188+533624]
GetHandleVerifier [0x00A5701A+508682]
Ordinal0 [0x0094C226+1032742]
Ordinal0 [0x0094C09F+1032351]
Ordinal0 [0x00956A4B+1075787]
Ordinal0 [0x00956BB3+1076147]
Ordinal0 [0x00955B65+1071973]
BaseThreadInitThunk [0x76D76359+25]
RtlGetAppContainerNamedObjectPath [0x77197B74+228]
RtlGetAppContainerNamedObjectPath [0x77197B44+180]

at sun.reflect.NativeConstructorAccessorImpl.newInstance0(Native Method)
at sun.reflect.NativeConstructorAccessorImpl.newInstance(Unknown Source)
at sun.reflect.DelegatingConstructorAccessorImpl.newInstance(Unknown Source)
at java.lang.reflect.Constructor.newInstance(Unknown Source)
at org.openqa.selenium.remote.W3CHandshakeResponse.lambda$errorHandler$0(W3CHandshakeResponse.java:62)
at org.openqa.selenium.remote.HandshakeResponse.lambda$getResponseFunction$0(HandshakeResponse.java:30)
at org.openqa.selenium.remote.ProtocolHandshake.lambda$createSession$0(ProtocolHandshake.java:126)
at java.util.stream.ReferencePipeline$3$1.accept(Unknown Source)
at java.util.Spliterators$ArraySpliterator.tryAdvance(Unknown Source)
at java.util.stream.ReferencePipeline.forEachWithCancel(Unknown Source)
at java.util.stream.AbstractPipeline.copyIntoWithCancel(Unknown Source)
at java.util.stream.AbstractPipeline.copyInto(Unknown Source)
at java.util.stream.AbstractPipeline.wrapAndCopyInto(Unknown Source)
at java.util.stream.FindOps$FindOp.evaluateSequential(Unknown Source)
at java.util.stream.AbstractPipeline.evaluate(Unknown Source)
at java.util.stream.ReferencePipeline.findFirst(Unknown Source)
at org.openqa.selenium.remote.ProtocolHandshake.createSession(ProtocolHandshake.java:128)
at org.openqa.selenium.remote.ProtocolHandshake.createSession(ProtocolHandshake.java:74)
at org.openqa.selenium.remote.HttpCommandExecutor.execute(HttpCommandExecutor.java:136)
at org.openqa.selenium.remote.service.DriverCommandExecutor.execute(DriverCommandExecutor.java:83)
at org.openqa.selenium.remote.RemoteWebDriver.execute(RemoteWebDriver.java:552)
at org.openqa.selenium.remote.RemoteWebDriver.startSession(RemoteWebDriver.java:213)
at org.openqa.selenium.remote.RemoteWebDriver.<init>(RemoteWebDriver.java:131)
at org.openqa.selenium.chrome.ChromeDriver.<init>(ChromeDriver.java:181)
at org.openqa.selenium.chrome.ChromeDriver.<init>(ChromeDriver.java:168)
at org.openqa.selenium.chrome.ChromeDriver.<init>(ChromeDriver.java:123)
at com.orangehrmlive.NewTest1.valid(NewTest1.java:29)
at sun.reflect.NativeMethodAccessorImpl.invoke0(Native Method)
at sun.reflect.NativeMethodAccessorImpl.invoke(Unknown Source)
at sun.reflect.DelegatingMethodAccessorImpl.invoke(Unknown Source)
at java.lang.reflect.Method.invoke(Unknown Source)
at org.testng.internal.MethodInvocationHelper.invokeMethod(MethodInvocationHelper.java:124)
at org.testng.internal.Invoker.invokeMethod(Invoker.java:583)
at org.testng.internal.Invoker.invokeTestMethod(Invoker.java:719)
at org.testng.internal.Invoker.invokeTestMethods(Invoker.java:989)
at org.testng.internal.TestMethodWorker.invokeTestMethods(TestMethodWorker.java:125)
at org.testng.internal.TestMethodWorker.run(TestMethodWorker.java:109)
at org.testng.TestRunner.privateRun(TestRunner.java:648)
at org.testng.TestRunner.run(TestRunner.java:505)
at org.testng.SuiteRunner.runTest(SuiteRunner.java:455)
at org.testng.SuiteRunner.runSequentially(SuiteRunner.java:450)
at org.testng.SuiteRunner.privateRun(SuiteRunner.java:415)
at org.testng.SuiteRunner.run(SuiteRunner.java:364)
at org.testng.SuiteRunnerWorker.runSuite(SuiteRunnerWorker.java:52)
at org.testng.SuiteRunnerWorker.run(SuiteRunnerWorker.java:84)
at org.testng.TestNG.runSuitesSequentially(TestNG.java:1208)
at org.testng.TestNG.runSuitesLocally(TestNG.java:1137)
at org.testng.TestNG.runSuites(TestNG.java:1049)
at org.testng.TestNG.run(TestNG.java:1017)
at org.testng.remote.AbstractRemoteTestNG.run(AbstractRemoteTestNG.java:114)
at org.testng.remote.RemoteTestNG.initAndRun(RemoteTestNG.java:251)
at org.testng.remote.RemoteTestNG.main(RemoteTestNG.java:77)
]]>
    </failure>
  </testcase> <!-- valid -->
  <testcase name="valid" time="2.3" classname="com.orangehrmlive.NewTest1">
    <failure type="org.openqa.selenium.SessionNotCreatedException" message="session not created: This version of ChromeDriver only supports Chrome version 76
Build info: version: &amp;apos;3.141.59&amp;apos;, revision: &amp;apos;e82be7d358&amp;apos;, time: &amp;apos;2018-11-14T08:25:48&amp;apos;
System info: host: &amp;apos;ABHISHEK_DESKTO&amp;apos;, ip: &amp;apos;192.168.43.203&amp;apos;, os.name: &amp;apos;Windows 10&amp;apos;, os.arch: &amp;apos;amd64&amp;apos;, os.version: &amp;apos;10.0&amp;apos;, java.version: &amp;apos;1.8.0_121&amp;apos;
Driver info: driver.version: ChromeDriver
remote stacktrace: Backtrace:
	Ordinal0 [0x009B7C53+1473619]
	Ordinal0 [0x0093AD71+961905]
	Ordinal0 [0x008C42B3+475827]
	Ordinal0 [0x0085F365+62309]
	Ordinal0 [0x0085BC77+48247]
	Ordinal0 [0x00879149+168265]
	Ordinal0 [0x00878D1D+167197]
	Ordinal0 [0x0087742B+160811]
	Ordinal0 [0x00860AE6+68326]
	Ordinal0 [0x00861BF0+72688]
	Ordinal0 [0x00861B89+72585]
	Ordinal0 [0x00954B37+1067831]
	GetHandleVerifier [0x00A56845+506677]
	GetHandleVerifier [0x00A565E0+506064]
	GetHandleVerifier [0x00A5D188+533624]
	GetHandleVerifier [0x00A5701A+508682]
	Ordinal0 [0x0094C226+1032742]
	Ordinal0 [0x0094C09F+1032351]
	Ordinal0 [0x00956A4B+1075787]
	Ordinal0 [0x00956BB3+1076147]
	Ordinal0 [0x00955B65+1071973]
	BaseThreadInitThunk [0x76D76359+25]
	RtlGetAppContainerNamedObjectPath [0x77197B74+228]
	RtlGetAppContainerNamedObjectPath [0x77197B44+180]
">
      <![CDATA[org.openqa.selenium.SessionNotCreatedException: session not created: This version of ChromeDriver only supports Chrome version 76
Build info: version: '3.141.59', revision: 'e82be7d358', time: '2018-11-14T08:25:48'
System info: host: 'ABHISHEK_DESKTO', ip: '192.168.43.203', os.name: 'Windows 10', os.arch: 'amd64', os.version: '10.0', java.version: '1.8.0_121'
Driver info: driver.version: ChromeDriver
remote stacktrace: Backtrace:
Ordinal0 [0x009B7C53+1473619]
Ordinal0 [0x0093AD71+961905]
Ordinal0 [0x008C42B3+475827]
Ordinal0 [0x0085F365+62309]
Ordinal0 [0x0085BC77+48247]
Ordinal0 [0x00879149+168265]
Ordinal0 [0x00878D1D+167197]
Ordinal0 [0x0087742B+160811]
Ordinal0 [0x00860AE6+68326]
Ordinal0 [0x00861BF0+72688]
Ordinal0 [0x00861B89+72585]
Ordinal0 [0x00954B37+1067831]
GetHandleVerifier [0x00A56845+506677]
GetHandleVerifier [0x00A565E0+506064]
GetHandleVerifier [0x00A5D188+533624]
GetHandleVerifier [0x00A5701A+508682]
Ordinal0 [0x0094C226+1032742]
Ordinal0 [0x0094C09F+1032351]
Ordinal0 [0x00956A4B+1075787]
Ordinal0 [0x00956BB3+1076147]
Ordinal0 [0x00955B65+1071973]
BaseThreadInitThunk [0x76D76359+25]
RtlGetAppContainerNamedObjectPath [0x77197B74+228]
RtlGetAppContainerNamedObjectPath [0x77197B44+180]

at sun.reflect.NativeConstructorAccessorImpl.newInstance0(Native Method)
at sun.reflect.NativeConstructorAccessorImpl.newInstance(Unknown Source)
at sun.reflect.DelegatingConstructorAccessorImpl.newInstance(Unknown Source)
at java.lang.reflect.Constructor.newInstance(Unknown Source)
at org.openqa.selenium.remote.W3CHandshakeResponse.lambda$errorHandler$0(W3CHandshakeResponse.java:62)
at org.openqa.selenium.remote.HandshakeResponse.lambda$getResponseFunction$0(HandshakeResponse.java:30)
at org.openqa.selenium.remote.ProtocolHandshake.lambda$createSession$0(ProtocolHandshake.java:126)
at java.util.stream.ReferencePipeline$3$1.accept(Unknown Source)
at java.util.Spliterators$ArraySpliterator.tryAdvance(Unknown Source)
at java.util.stream.ReferencePipeline.forEachWithCancel(Unknown Source)
at java.util.stream.AbstractPipeline.copyIntoWithCancel(Unknown Source)
at java.util.stream.AbstractPipeline.copyInto(Unknown Source)
at java.util.stream.AbstractPipeline.wrapAndCopyInto(Unknown Source)
at java.util.stream.FindOps$FindOp.evaluateSequential(Unknown Source)
at java.util.stream.AbstractPipeline.evaluate(Unknown Source)
at java.util.stream.ReferencePipeline.findFirst(Unknown Source)
at org.openqa.selenium.remote.ProtocolHandshake.createSession(ProtocolHandshake.java:128)
at org.openqa.selenium.remote.ProtocolHandshake.createSession(ProtocolHandshake.java:74)
at org.openqa.selenium.remote.HttpCommandExecutor.execute(HttpCommandExecutor.java:136)
at org.openqa.selenium.remote.service.DriverCommandExecutor.execute(DriverCommandExecutor.java:83)
at org.openqa.selenium.remote.RemoteWebDriver.execute(RemoteWebDriver.java:552)
at org.openqa.selenium.remote.RemoteWebDriver.startSession(RemoteWebDriver.java:213)
at org.openqa.selenium.remote.RemoteWebDriver.<init>(RemoteWebDriver.java:131)
at org.openqa.selenium.chrome.ChromeDriver.<init>(ChromeDriver.java:181)
at org.openqa.selenium.chrome.ChromeDriver.<init>(ChromeDriver.java:168)
at org.openqa.selenium.chrome.ChromeDriver.<init>(ChromeDriver.java:123)
at com.orangehrmlive.NewTest1.valid(NewTest1.java:29)
at sun.reflect.NativeMethodAccessorImpl.invoke0(Native Method)
at sun.reflect.NativeMethodAccessorImpl.invoke(Unknown Source)
at sun.reflect.DelegatingMethodAccessorImpl.invoke(Unknown Source)
at java.lang.reflect.Method.invoke(Unknown Source)
at org.testng.internal.MethodInvocationHelper.invokeMethod(MethodInvocationHelper.java:124)
at org.testng.internal.Invoker.invokeMethod(Invoker.java:583)
at org.testng.internal.Invoker.invokeTestMethod(Invoker.java:719)
at org.testng.internal.Invoker.invokeTestMethods(Invoker.java:989)
at org.testng.internal.TestMethodWorker.invokeTestMethods(TestMethodWorker.java:125)
at org.testng.internal.TestMethodWorker.run(TestMethodWorker.java:109)
at org.testng.TestRunner.privateRun(TestRunner.java:648)
at org.testng.TestRunner.run(TestRunner.java:505)
at org.testng.SuiteRunner.runTest(SuiteRunner.java:455)
at org.testng.SuiteRunner.runSequentially(SuiteRunner.java:450)
at org.testng.SuiteRunner.privateRun(SuiteRunner.java:415)
at org.testng.SuiteRunner.run(SuiteRunner.java:364)
at org.testng.SuiteRunnerWorker.runSuite(SuiteRunnerWorker.java:52)
at org.testng.SuiteRunnerWorker.run(SuiteRunnerWorker.java:84)
at org.testng.TestNG.runSuitesSequentially(TestNG.java:1208)
at org.testng.TestNG.runSuitesLocally(TestNG.java:1137)
at org.testng.TestNG.runSuites(TestNG.java:1049)
at org.testng.TestNG.run(TestNG.java:1017)
at org.testng.remote.AbstractRemoteTestNG.run(AbstractRemoteTestNG.java:114)
at org.testng.remote.RemoteTestNG.initAndRun(RemoteTestNG.java:251)
at org.testng.remote.RemoteTestNG.main(RemoteTestNG.java:77)
]]>
    </failure>
  </testcase> <!-- valid -->
  <testcase name="valid" time="2.7" classname="com.orangehrmlive.NewTest1">
    <failure type="org.openqa.selenium.SessionNotCreatedException" message="session not created: This version of ChromeDriver only supports Chrome version 76
Build info: version: &amp;apos;3.141.59&amp;apos;, revision: &amp;apos;e82be7d358&amp;apos;, time: &amp;apos;2018-11-14T08:25:48&amp;apos;
System info: host: &amp;apos;ABHISHEK_DESKTO&amp;apos;, ip: &amp;apos;192.168.43.203&amp;apos;, os.name: &amp;apos;Windows 10&amp;apos;, os.arch: &amp;apos;amd64&amp;apos;, os.version: &amp;apos;10.0&amp;apos;, java.version: &amp;apos;1.8.0_121&amp;apos;
Driver info: driver.version: ChromeDriver
remote stacktrace: Backtrace:
	Ordinal0 [0x009B7C53+1473619]
	Ordinal0 [0x0093AD71+961905]
	Ordinal0 [0x008C42B3+475827]
	Ordinal0 [0x0085F365+62309]
	Ordinal0 [0x0085BC77+48247]
	Ordinal0 [0x00879149+168265]
	Ordinal0 [0x00878D1D+167197]
	Ordinal0 [0x0087742B+160811]
	Ordinal0 [0x00860AE6+68326]
	Ordinal0 [0x00861BF0+72688]
	Ordinal0 [0x00861B89+72585]
	Ordinal0 [0x00954B37+1067831]
	GetHandleVerifier [0x00A56845+506677]
	GetHandleVerifier [0x00A565E0+506064]
	GetHandleVerifier [0x00A5D188+533624]
	GetHandleVerifier [0x00A5701A+508682]
	Ordinal0 [0x0094C226+1032742]
	Ordinal0 [0x0094C09F+1032351]
	Ordinal0 [0x00956A4B+1075787]
	Ordinal0 [0x00956BB3+1076147]
	Ordinal0 [0x00955B65+1071973]
	BaseThreadInitThunk [0x76D76359+25]
	RtlGetAppContainerNamedObjectPath [0x77197B74+228]
	RtlGetAppContainerNamedObjectPath [0x77197B44+180]
">
      <![CDATA[org.openqa.selenium.SessionNotCreatedException: session not created: This version of ChromeDriver only supports Chrome version 76
Build info: version: '3.141.59', revision: 'e82be7d358', time: '2018-11-14T08:25:48'
System info: host: 'ABHISHEK_DESKTO', ip: '192.168.43.203', os.name: 'Windows 10', os.arch: 'amd64', os.version: '10.0', java.version: '1.8.0_121'
Driver info: driver.version: ChromeDriver
remote stacktrace: Backtrace:
Ordinal0 [0x009B7C53+1473619]
Ordinal0 [0x0093AD71+961905]
Ordinal0 [0x008C42B3+475827]
Ordinal0 [0x0085F365+62309]
Ordinal0 [0x0085BC77+48247]
Ordinal0 [0x00879149+168265]
Ordinal0 [0x00878D1D+167197]
Ordinal0 [0x0087742B+160811]
Ordinal0 [0x00860AE6+68326]
Ordinal0 [0x00861BF0+72688]
Ordinal0 [0x00861B89+72585]
Ordinal0 [0x00954B37+1067831]
GetHandleVerifier [0x00A56845+506677]
GetHandleVerifier [0x00A565E0+506064]
GetHandleVerifier [0x00A5D188+533624]
GetHandleVerifier [0x00A5701A+508682]
Ordinal0 [0x0094C226+1032742]
Ordinal0 [0x0094C09F+1032351]
Ordinal0 [0x00956A4B+1075787]
Ordinal0 [0x00956BB3+1076147]
Ordinal0 [0x00955B65+1071973]
BaseThreadInitThunk [0x76D76359+25]
RtlGetAppContainerNamedObjectPath [0x77197B74+228]
RtlGetAppContainerNamedObjectPath [0x77197B44+180]

at sun.reflect.NativeConstructorAccessorImpl.newInstance0(Native Method)
at sun.reflect.NativeConstructorAccessorImpl.newInstance(Unknown Source)
at sun.reflect.DelegatingConstructorAccessorImpl.newInstance(Unknown Source)
at java.lang.reflect.Constructor.newInstance(Unknown Source)
at org.openqa.selenium.remote.W3CHandshakeResponse.lambda$errorHandler$0(W3CHandshakeResponse.java:62)
at org.openqa.selenium.remote.HandshakeResponse.lambda$getResponseFunction$0(HandshakeResponse.java:30)
at org.openqa.selenium.remote.ProtocolHandshake.lambda$createSession$0(ProtocolHandshake.java:126)
at java.util.stream.ReferencePipeline$3$1.accept(Unknown Source)
at java.util.Spliterators$ArraySpliterator.tryAdvance(Unknown Source)
at java.util.stream.ReferencePipeline.forEachWithCancel(Unknown Source)
at java.util.stream.AbstractPipeline.copyIntoWithCancel(Unknown Source)
at java.util.stream.AbstractPipeline.copyInto(Unknown Source)
at java.util.stream.AbstractPipeline.wrapAndCopyInto(Unknown Source)
at java.util.stream.FindOps$FindOp.evaluateSequential(Unknown Source)
at java.util.stream.AbstractPipeline.evaluate(Unknown Source)
at java.util.stream.ReferencePipeline.findFirst(Unknown Source)
at org.openqa.selenium.remote.ProtocolHandshake.createSession(ProtocolHandshake.java:128)
at org.openqa.selenium.remote.ProtocolHandshake.createSession(ProtocolHandshake.java:74)
at org.openqa.selenium.remote.HttpCommandExecutor.execute(HttpCommandExecutor.java:136)
at org.openqa.selenium.remote.service.DriverCommandExecutor.execute(DriverCommandExecutor.java:83)
at org.openqa.selenium.remote.RemoteWebDriver.execute(RemoteWebDriver.java:552)
at org.openqa.selenium.remote.RemoteWebDriver.startSession(RemoteWebDriver.java:213)
at org.openqa.selenium.remote.RemoteWebDriver.<init>(RemoteWebDriver.java:131)
at org.openqa.selenium.chrome.ChromeDriver.<init>(ChromeDriver.java:181)
at org.openqa.selenium.chrome.ChromeDriver.<init>(ChromeDriver.java:168)
at org.openqa.selenium.chrome.ChromeDriver.<init>(ChromeDriver.java:123)
at com.orangehrmlive.NewTest1.valid(NewTest1.java:29)
at sun.reflect.NativeMethodAccessorImpl.invoke0(Native Method)
at sun.reflect.NativeMethodAccessorImpl.invoke(Unknown Source)
at sun.reflect.DelegatingMethodAccessorImpl.invoke(Unknown Source)
at java.lang.reflect.Method.invoke(Unknown Source)
at org.testng.internal.MethodInvocationHelper.invokeMethod(MethodInvocationHelper.java:124)
at org.testng.internal.Invoker.invokeMethod(Invoker.java:583)
at org.testng.internal.Invoker.invokeTestMethod(Invoker.java:719)
at org.testng.internal.Invoker.invokeTestMethods(Invoker.java:989)
at org.testng.internal.TestMethodWorker.invokeTestMethods(TestMethodWorker.java:125)
at org.testng.internal.TestMethodWorker.run(TestMethodWorker.java:109)
at org.testng.TestRunner.privateRun(TestRunner.java:648)
at org.testng.TestRunner.run(TestRunner.java:505)
at org.testng.SuiteRunner.runTest(SuiteRunner.java:455)
at org.testng.SuiteRunner.runSequentially(SuiteRunner.java:450)
at org.testng.SuiteRunner.privateRun(SuiteRunner.java:415)
at org.testng.SuiteRunner.run(SuiteRunner.java:364)
at org.testng.SuiteRunnerWorker.runSuite(SuiteRunnerWorker.java:52)
at org.testng.SuiteRunnerWorker.run(SuiteRunnerWorker.java:84)
at org.testng.TestNG.runSuitesSequentially(TestNG.java:1208)
at org.testng.TestNG.runSuitesLocally(TestNG.java:1137)
at org.testng.TestNG.runSuites(TestNG.java:1049)
at org.testng.TestNG.run(TestNG.java:1017)
at org.testng.remote.AbstractRemoteTestNG.run(AbstractRemoteTestNG.java:114)
at org.testng.remote.RemoteTestNG.initAndRun(RemoteTestNG.java:251)
at org.testng.remote.RemoteTestNG.main(RemoteTestNG.java:77)
]]>
    </failure>
  </testcase> <!-- valid -->
</testsuite> <!-- Default test -->
